app/build/outputs/logs/manifest-merger-debug-report.txt
-- Merging decision tree log ---
manifest
ADDED from src/main/AndroidManifest.xml:2:1-78:12
	package
		ADDED from src/main/AndroidManifest.xml:3:5-32
		INJECTED from src/main/AndroidManifest.xml
		INJECTED from src/main/AndroidManifest.xml
	android:versionName
		ADDED from src/main/AndroidManifest.xml:5:5-32
	android:versionCode
		ADDED from src/main/AndroidManifest.xml:4:5-29
		INJECTED from src/main/AndroidManifest.xml
		INJECTED from src/main/AndroidManifest.xml
	xmlns:android
		ADDED from src/main/AndroidManifest.xml:2:11-69
uses-sdk
ADDED from src/main/AndroidManifest.xml:7:5-9:41
MERGED from [com.google.android.gms:play-services:8.1.0] AndroidManifest.xml:18:5-42
MERGED from [com.google.android.gms:play-services-ads:8.1.0] AndroidManifest.xml:23:5-42
MERGED from [com.google.android.gms:play-services-basement:8.1.0] AndroidManifest.xml:18:5-42
MERGED from [com.android.support:support-v4:22.2.0] AndroidManifest.xml:20:5-43
MERGED from [com.google.android.gms:play-services-appindexing:8.1.0] AndroidManifest.xml:18:5-42
MERGED from [com.google.android.gms:play-services-basement:8.1.0] AndroidManifest.xml:18:5-42
MERGED from [com.android.support:support-v4:22.2.0] AndroidManifest.xml:20:5-43
MERGED from [com.google.android.gms:play-services-analytics:8.1.0] AndroidManifest.xml:18:5-42
MERGED from [com.google.android.gms:play-services-basement:8.1.0] AndroidManifest.xml:18:5-42
MERGED from [com.android.support:support-v4:22.2.0] AndroidManifest.xml:20:5-43
MERGED from [com.google.android.gms:play-services-ads:8.1.0] AndroidManifest.xml:23:5-42
MERGED from [com.google.android.gms:play-services-basement:8.1.0] AndroidManifest.xml:18:5-42
MERGED from [com.android.support:support-v4:22.2.0] AndroidManifest.xml:20:5-43
MERGED from [com.google.android.gms:play-services-appindexing:8.1.0] AndroidManifest.xml:18:5-42
MERGED from [com.google.android.gms:play-services-basement:8.1.0] AndroidManifest.xml:18:5-42
MERGED from [com.android.support:support-v4:22.2.0] AndroidManifest.xml:20:5-43
MERGED from [com.google.android.gms:play-services-appindexing:8.1.0] AndroidManifest.xml:18:5-42
MERGED from [com.google.android.gms:play-services-basement:8.1.0] AndroidManifest.xml:18:5-42
MERGED from [com.android.support:support-v4:22.2.0] AndroidManifest.xml:20:5-43
MERGED from [com.google.android.gms:play-services-appinvite:8.1.0] AndroidManifest.xml:18:5-42
MERGED from [com.google.android.gms:play-services-base:8.1.0] AndroidManifest.xml:18:5-42
MERGED from [com.google.android.gms:play-services-basement:8.1.0] AndroidManifest.xml:18:5-42
MERGED from [com.android.support:support-v4:22.2.0] AndroidManifest.xml:20:5-43
MERGED from [com.google.android.gms:play-services-appstate:8.1.0] AndroidManifest.xml:18:5-42
MERGED from [com.google.android.gms:play-services-base:8.1.0] AndroidManifest.xml:18:5-42
MERGED from [com.google.android.gms:play-services-basement:8.1.0] AndroidManifest.xml:18:5-42
MERGED from [com.android.support:support-v4:22.2.0] AndroidManifest.xml:20:5-43
MERGED from [com.google.android.gms:play-services-base:8.1.0] AndroidManifest.xml:18:5-42
MERGED from [com.google.android.gms:play-services-basement:8.1.0] AndroidManifest.xml:18:5-42
MERGED from [com.android.support:support-v4:22.2.0] AndroidManifest.xml:20:5-43
MERGED from [com.google.android.gms:play-services-basement:8.1.0] AndroidManifest.xml:18:5-42
MERGED from [com.android.support:support-v4:22.2.0] AndroidManifest.xml:20:5-43
MERGED from [com.google.android.gms:play-services-cast:8.1.0] AndroidManifest.xml:18:5-42
MERGED from [com.google.android.gms:play-services-base:8.1.0] AndroidManifest.xml:18:5-42
MERGED from [com.google.android.gms:play-services-basement:8.1.0] AndroidManifest.xml:18:5-42
MERGED from [com.android.support:support-v4:22.2.0] AndroidManifest.xml:20:5-43
MERGED from [com.android.support:mediarouter-v7:22.2.0] AndroidManifest.xml:20:5-43
MERGED from [com.android.support:appcompat-v7:22.2.0] AndroidManifest.xml:20:5-43
MERGED from [com.android.support:support-v4:22.2.0] AndroidManifest.xml:20:5-43
MERGED from [com.google.android.gms:play-services-drive:8.1.0] AndroidManifest.xml:18:5-42
MERGED from [com.google.android.gms:play-services-base:8.1.0] AndroidManifest.xml:18:5-42
MERGED from [com.google.android.gms:play-services-basement:8.1.0] AndroidManifest.xml:18:5-42
MERGED from [com.android.support:support-v4:22.2.0] AndroidManifest.xml:20:5-43
MERGED from [com.google.android.gms:play-services-fitness:8.1.0] AndroidManifest.xml:18:5-42
MERGED from [com.google.android.gms:play-services-base:8.1.0] AndroidManifest.xml:18:5-42
MERGED from [com.google.android.gms:play-services-basement:8.1.0] AndroidManifest.xml:18:5-42
MERGED from [com.android.support:support-v4:22.2.0] AndroidManifest.xml:20:5-43
MERGED from [com.google.android.gms:play-services-location:8.1.0] AndroidManifest.xml:18:5-42
MERGED from [com.google.android.gms:play-services-base:8.1.0] AndroidManifest.xml:18:5-42
MERGED from [com.google.android.gms:play-services-basement:8.1.0] AndroidManifest.xml:18:5-42
MERGED from [com.android.support:support-v4:22.2.0] AndroidManifest.xml:20:5-43
MERGED from [com.google.android.gms:play-services-maps:8.1.0] AndroidManifest.xml:27:5-42
MERGED from [com.google.android.gms:play-services-base:8.1.0] AndroidManifest.xml:18:5-42
MERGED from [com.google.android.gms:play-services-basement:8.1.0] AndroidManifest.xml:18:5-42
MERGED from [com.android.support:support-v4:22.2.0] AndroidManifest.xml:20:5-43
MERGED from [com.google.android.gms:play-services-games:8.1.0] AndroidManifest.xml:18:5-42
MERGED from [com.google.android.gms:play-services-base:8.1.0] AndroidManifest.xml:18:5-42
MERGED from [com.google.android.gms:play-services-basement:8.1.0] AndroidManifest.xml:18:5-42
MERGED from [com.android.support:support-v4:22.2.0] AndroidManifest.xml:20:5-43
MERGED from [com.google.android.gms:play-services-drive:8.1.0] AndroidManifest.xml:18:5-42
MERGED from [com.google.android.gms:play-services-base:8.1.0] AndroidManifest.xml:18:5-42
MERGED from [com.google.android.gms:play-services-basement:8.1.0] AndroidManifest.xml:18:5-42
MERGED from [com.android.support:support-v4:22.2.0] AndroidManifest.xml:20:5-43
MERGED from [com.google.android.gms:play-services-gcm:8.1.0] AndroidManifest.xml:18:5-42
MERGED from [com.google.android.gms:play-services-base:8.1.0] AndroidManifest.xml:18:5-42
MERGED from [com.google.android.gms:play-services-basement:8.1.0] AndroidManifest.xml:18:5-42
MERGED from [com.android.support:support-v4:22.2.0] AndroidManifest.xml:20:5-43
MERGED from [com.google.android.gms:play-services-identity:8.1.0] AndroidManifest.xml:18:5-42
MERGED from [com.google.android.gms:play-services-base:8.1.0] AndroidManifest.xml:18:5-42
MERGED from [com.google.android.gms:play-services-basement:8.1.0] AndroidManifest.xml:18:5-42
MERGED from [com.android.support:support-v4:22.2.0] AndroidManifest.xml:20:5-43
MERGED from [com.google.android.gms:play-services-location:8.1.0] AndroidManifest.xml:18:5-42
MERGED from [com.google.android.gms:play-services-base:8.1.0] AndroidManifest.xml:18:5-42
MERGED from [com.google.android.gms:play-services-basement:8.1.0] AndroidManifest.xml:18:5-42
MERGED from [com.android.support:support-v4:22.2.0] AndroidManifest.xml:20:5-43
MERGED from [com.google.android.gms:play-services-maps:8.1.0] AndroidManifest.xml:27:5-42
MERGED from [com.google.android.gms:play-services-base:8.1.0] AndroidManifest.xml:18:5-42
MERGED from [com.google.android.gms:play-services-basement:8.1.0] AndroidManifest.xml:18:5-42
MERGED from [com.android.support:support-v4:22.2.0] AndroidManifest.xml:20:5-43
MERGED from [com.google.android.gms:play-services-maps:8.1.0] AndroidManifest.xml:27:5-42
MERGED from [com.google.android.gms:play-services-base:8.1.0] AndroidManifest.xml:18:5-42
MERGED from [com.google.android.gms:play-services-basement:8.1.0] AndroidManifest.xml:18:5-42
MERGED from [com.android.support:support-v4:22.2.0] AndroidManifest.xml:20:5-43
MERGED from [com.google.android.gms:play-services-measurement:8.1.0] AndroidManifest.xml:18:5-42
MERGED from [com.google.android.gms:play-services-base:8.1.0] AndroidManifest.xml:18:5-42
MERGED from [com.google.android.gms:play-services-basement:8.1.0] AndroidManifest.xml:18:5-42
MERGED from [com.android.support:support-v4:22.2.0] AndroidManifest.xml:20:5-43
MERGED from [com.google.android.gms:play-services-analytics:8.1.0] AndroidManifest.xml:18:5-42
MERGED from [com.google.android.gms:play-services-basement:8.1.0] AndroidManifest.xml:18:5-42
MERGED from [com.android.support:support-v4:22.2.0] AndroidManifest.xml:20:5-43
MERGED from [com.google.android.gms:play-services-ads:8.1.0] AndroidManifest.xml:23:5-42
MERGED from [com.google.android.gms:play-services-basement:8.1.0] AndroidManifest.xml:18:5-42
MERGED from [com.android.support:support-v4:22.2.0] AndroidManifest.xml:20:5-43
MERGED from [com.google.android.gms:play-services-appindexing:8.1.0] AndroidManifest.xml:18:5-42
MERGED from [com.google.android.gms:play-services-basement:8.1.0] AndroidManifest.xml:18:5-42
MERGED from [com.android.support:support-v4:22.2.0] AndroidManifest.xml:20:5-43
MERGED from [com.google.android.gms:play-services-nearby:8.1.0] AndroidManifest.xml:18:5-42
MERGED from [com.google.android.gms:play-services-base:8.1.0] AndroidManifest.xml:18:5-42
MERGED from [com.google.android.gms:play-services-basement:8.1.0] AndroidManifest.xml:18:5-42
MERGED from [com.android.support:support-v4:22.2.0] AndroidManifest.xml:20:5-43
MERGED from [com.google.android.gms:play-services-panorama:8.1.0] AndroidManifest.xml:18:5-42
MERGED from [com.google.android.gms:play-services-base:8.1.0] AndroidManifest.xml:18:5-42
MERGED from [com.google.android.gms:play-services-basement:8.1.0] AndroidManifest.xml:18:5-42
MERGED from [com.android.support:support-v4:22.2.0] AndroidManifest.xml:20:5-43
MERGED from [com.google.android.gms:play-services-plus:8.1.0] AndroidManifest.xml:18:5-42
MERGED from [com.google.android.gms:play-services-base:8.1.0] AndroidManifest.xml:18:5-42
MERGED from [com.google.android.gms:play-services-basement:8.1.0] AndroidManifest.xml:18:5-42
MERGED from [com.android.support:support-v4:22.2.0] AndroidManifest.xml:20:5-43
MERGED from [com.google.android.gms:play-services-safetynet:8.1.0] AndroidManifest.xml:18:5-42
MERGED from [com.google.android.gms:play-services-base:8.1.0] AndroidManifest.xml:18:5-42
MERGED from [com.google.android.gms:play-services-basement:8.1.0] AndroidManifest.xml:18:5-42
MERGED from [com.android.support:support-v4:22.2.0] AndroidManifest.xml:20:5-43
MERGED from [com.google.android.gms:play-services-vision:8.1.0] AndroidManifest.xml:4:5-42
MERGED from [com.google.android.gms:play-services-base:8.1.0] AndroidManifest.xml:18:5-42
MERGED from [com.google.android.gms:play-services-basement:8.1.0] AndroidManifest.xml:18:5-42
MERGED from [com.android.support:support-v4:22.2.0] AndroidManifest.xml:20:5-43
MERGED from [com.google.android.gms:play-services-wallet:8.1.0] AndroidManifest.xml:19:5-42
MERGED from [com.google.android.gms:play-services-base:8.1.0] AndroidManifest.xml:18:5-42
MERGED from [com.google.android.gms:play-services-basement:8.1.0] AndroidManifest.xml:18:5-42
MERGED from [com.android.support:support-v4:22.2.0] AndroidManifest.xml:20:5-43
MERGED from [com.google.android.gms:play-services-identity:8.1.0] AndroidManifest.xml:18:5-42
MERGED from [com.google.android.gms:play-services-base:8.1.0] AndroidManifest.xml:18:5-42
MERGED from [com.google.android.gms:play-services-basement:8.1.0] AndroidManifest.xml:18:5-42
MERGED from [com.android.support:support-v4:22.2.0] AndroidManifest.xml:20:5-43
MERGED from [com.google.android.gms:play-services-maps:8.1.0] AndroidManifest.xml:27:5-42
MERGED from [com.google.android.gms:play-services-base:8.1.0] AndroidManifest.xml:18:5-42
MERGED from [com.google.android.gms:play-services-basement:8.1.0] AndroidManifest.xml:18:5-42
MERGED from [com.android.support:support-v4:22.2.0] AndroidManifest.xml:20:5-43
MERGED from [com.google.android.gms:play-services-wearable:8.1.0] AndroidManifest.xml:18:5-42
MERGED from [com.google.android.gms:play-services-base:8.1.0] AndroidManifest.xml:18:5-42
MERGED from [com.google.android.gms:play-services-basement:8.1.0] AndroidManifest.xml:18:5-42
MERGED from [com.android.support:support-v4:22.2.0] AndroidManifest.xml:20:5-43
	android:targetSdkVersion
		ADDED from src/main/AndroidManifest.xml:9:9-38
		INJECTED from src/main/AndroidManifest.xml
		INJECTED from src/main/AndroidManifest.xml
	android:minSdkVersion
		ADDED from src/main/AndroidManifest.xml:8:9-35
		INJECTED from src/main/AndroidManifest.xml
		INJECTED from src/main/AndroidManifest.xml
uses-permission#android.permission.INTERNET
ADDED from src/main/AndroidManifest.xml:11:5-67
MERGED from [com.google.android.gms:play-services-ads:8.1.0] AndroidManifest.xml:20:5-66
MERGED from [com.google.android.gms:play-services-analytics:8.1.0] AndroidManifest.xml:21:5-67
MERGED from [com.google.android.gms:play-services-ads:8.1.0] AndroidManifest.xml:20:5-66
MERGED from [com.google.android.gms:play-services-appinvite:8.1.0] AndroidManifest.xml:19:5-67
MERGED from [com.google.android.gms:play-services-maps:8.1.0] AndroidManifest.xml:21:5-66
MERGED from [com.google.android.gms:play-services-gcm:8.1.0] AndroidManifest.xml:22:5-67
MERGED from [com.google.android.gms:play-services-maps:8.1.0] AndroidManifest.xml:21:5-66
MERGED from [com.google.android.gms:play-services-maps:8.1.0] AndroidManifest.xml:21:5-66
MERGED from [com.google.android.gms:play-services-measurement:8.1.0] AndroidManifest.xml:21:5-67
MERGED from [com.google.android.gms:play-services-analytics:8.1.0] AndroidManifest.xml:21:5-67
MERGED from [com.google.android.gms:play-services-ads:8.1.0] AndroidManifest.xml:20:5-66
MERGED from [com.google.android.gms:play-services-wallet:8.1.0] AndroidManifest.xml:20:5-66
MERGED from [com.google.android.gms:play-services-maps:8.1.0] AndroidManifest.xml:21:5-66
	android:name
		ADDED from src/main/AndroidManifest.xml:11:22-64
uses-permission#android.permission.GET_ACCOUNTS
ADDED from src/main/AndroidManifest.xml:12:5-71
MERGED from [com.google.android.gms:play-services-wallet:8.1.0] AndroidManifest.xml:21:5-70
	android:name
		ADDED from src/main/AndroidManifest.xml:12:22-68
uses-permission#android.permission.WAKE_LOCK
ADDED from src/main/AndroidManifest.xml:13:5-68
MERGED from [com.google.android.gms:play-services-measurement:8.1.0] AndroidManifest.xml:24:5-67
	android:name
		ADDED from src/main/AndroidManifest.xml:13:22-65
uses-permission#com.google.android.c2dm.permission.RECEIVE
ADDED from src/main/AndroidManifest.xml:14:5-82
MERGED from [com.google.android.gms:play-services-gcm:8.1.0] AndroidManifest.xml:21:5-82
	android:name
		ADDED from src/main/AndroidManifest.xml:14:22-79
permission#com.humbughq.mobile.permission.C2D_MESSAGE
ADDED from src/main/AndroidManifest.xml:16:5-18:47
	android:protectionLevel
		ADDED from src/main/AndroidManifest.xml:18:9-44
	android:name
		ADDED from src/main/AndroidManifest.xml:17:9-66
uses-permission#com.humbughq.mobile.permission.C2D_MESSAGE
ADDED from src/main/AndroidManifest.xml:20:5-82
	android:name
		ADDED from src/main/AndroidManifest.xml:20:22-79
uses-permission#android.permission.USE_CREDENTIALS
ADDED from src/main/AndroidManifest.xml:21:5-73
MERGED from [com.google.android.gms:play-services-wallet:8.1.0] AndroidManifest.xml:22:5-73
	android:name
		ADDED from src/main/AndroidManifest.xml:21:22-71
uses-permission#android.permission.VIBRATE
ADDED from src/main/AndroidManifest.xml:22:5-65
	android:name
		ADDED from src/main/AndroidManifest.xml:22:22-63
application
ADDED from src/main/AndroidManifest.xml:24:5-76:19
MERGED from [com.google.android.gms:play-services:8.1.0] AndroidManifest.xml:19:5-20
MERGED from [com.google.android.gms:play-services-ads:8.1.0] AndroidManifest.xml:24:5-32:19
MERGED from [com.google.android.gms:play-services-basement:8.1.0] AndroidManifest.xml:20:5-24:19
MERGED from [com.android.support:support-v4:22.2.0] AndroidManifest.xml:22:5-20
MERGED from [com.google.android.gms:play-services-appindexing:8.1.0] AndroidManifest.xml:19:5-20
MERGED from [com.google.android.gms:play-services-basement:8.1.0] AndroidManifest.xml:20:5-24:19
MERGED from [com.android.support:support-v4:22.2.0] AndroidManifest.xml:22:5-20
MERGED from [com.google.android.gms:play-services-analytics:8.1.0] AndroidManifest.xml:24:5-20
MERGED from [com.google.android.gms:play-services-basement:8.1.0] AndroidManifest.xml:20:5-24:19
MERGED from [com.android.support:support-v4:22.2.0] AndroidManifest.xml:22:5-20
MERGED from [com.google.android.gms:play-services-ads:8.1.0] AndroidManifest.xml:24:5-32:19
MERGED from [com.google.android.gms:play-services-basement:8.1.0] AndroidManifest.xml:20:5-24:19
MERGED from [com.android.support:support-v4:22.2.0] AndroidManifest.xml:22:5-20
MERGED from [com.google.android.gms:play-services-appindexing:8.1.0] AndroidManifest.xml:19:5-20
MERGED from [com.google.android.gms:play-services-basement:8.1.0] AndroidManifest.xml:20:5-24:19
MERGED from [com.android.support:support-v4:22.2.0] AndroidManifest.xml:22:5-20
MERGED from [com.google.android.gms:play-services-appindexing:8.1.0] AndroidManifest.xml:19:5-20
MERGED from [com.google.android.gms:play-services-basement:8.1.0] AndroidManifest.xml:20:5-24:19
MERGED from [com.android.support:support-v4:22.2.0] AndroidManifest.xml:22:5-20
MERGED from [com.google.android.gms:play-services-appinvite:8.1.0] AndroidManifest.xml:20:5-20
MERGED from [com.google.android.gms:play-services-basement:8.1.0] AndroidManifest.xml:20:5-24:19
MERGED from [com.android.support:support-v4:22.2.0] AndroidManifest.xml:22:5-20
MERGED from [com.google.android.gms:play-services-appstate:8.1.0] AndroidManifest.xml:19:5-20
MERGED from [com.google.android.gms:play-services-basement:8.1.0] AndroidManifest.xml:20:5-24:19
MERGED from [com.android.support:support-v4:22.2.0] AndroidManifest.xml:22:5-20
MERGED from [com.google.android.gms:play-services-basement:8.1.0] AndroidManifest.xml:20:5-24:19
MERGED from [com.android.support:support-v4:22.2.0] AndroidManifest.xml:22:5-20
MERGED from [com.google.android.gms:play-services-basement:8.1.0] AndroidManifest.xml:20:5-24:19
MERGED from [com.android.support:support-v4:22.2.0] AndroidManifest.xml:22:5-20
MERGED from [com.google.android.gms:play-services-cast:8.1.0] AndroidManifest.xml:19:5-20
MERGED from [com.google.android.gms:play-services-basement:8.1.0] AndroidManifest.xml:20:5-24:19
MERGED from [com.android.support:support-v4:22.2.0] AndroidManifest.xml:22:5-20
MERGED from [com.android.support:mediarouter-v7:22.2.0] AndroidManifest.xml:22:5-20
MERGED from [com.android.support:appcompat-v7:22.2.0] AndroidManifest.xml:22:5-20
MERGED from [com.android.support:support-v4:22.2.0] AndroidManifest.xml:22:5-20
MERGED from [com.google.android.gms:play-services-drive:8.1.0] AndroidManifest.xml:19:5-20
MERGED from [com.google.android.gms:play-services-basement:8.1.0] AndroidManifest.xml:20:5-24:19
MERGED from [com.android.support:support-v4:22.2.0] AndroidManifest.xml:22:5-20
MERGED from [com.google.android.gms:play-services-fitness:8.1.0] AndroidManifest.xml:19:5-20
MERGED from [com.google.android.gms:play-services-basement:8.1.0] AndroidManifest.xml:20:5-24:19
MERGED from [com.android.support:support-v4:22.2.0] AndroidManifest.xml:22:5-20
MERGED from [com.google.android.gms:play-services-location:8.1.0] AndroidManifest.xml:19:5-20
MERGED from [com.google.android.gms:play-services-basement:8.1.0] AndroidManifest.xml:20:5-24:19
MERGED from [com.android.support:support-v4:22.2.0] AndroidManifest.xml:22:5-20
MERGED from [com.google.android.gms:play-services-maps:8.1.0] AndroidManifest.xml:28:5-20
MERGED from [com.google.android.gms:play-services-basement:8.1.0] AndroidManifest.xml:20:5-24:19
MERGED from [com.android.support:support-v4:22.2.0] AndroidManifest.xml:22:5-20
MERGED from [com.google.android.gms:play-services-games:8.1.0] AndroidManifest.xml:19:5-20
MERGED from [com.google.android.gms:play-services-basement:8.1.0] AndroidManifest.xml:20:5-24:19
MERGED from [com.android.support:support-v4:22.2.0] AndroidManifest.xml:22:5-20
MERGED from [com.google.android.gms:play-services-drive:8.1.0] AndroidManifest.xml:19:5-20
MERGED from [com.google.android.gms:play-services-basement:8.1.0] AndroidManifest.xml:20:5-24:19
MERGED from [com.android.support:support-v4:22.2.0] AndroidManifest.xml:22:5-20
MERGED from [com.google.android.gms:play-services-gcm:8.1.0] AndroidManifest.xml:24:5-20
MERGED from [com.google.android.gms:play-services-basement:8.1.0] AndroidManifest.xml:20:5-24:19
MERGED from [com.android.support:support-v4:22.2.0] AndroidManifest.xml:22:5-20
MERGED from [com.google.android.gms:play-services-identity:8.1.0] AndroidManifest.xml:19:5-20
MERGED from [com.google.android.gms:play-services-basement:8.1.0] AndroidManifest.xml:20:5-24:19
MERGED from [com.android.support:support-v4:22.2.0] AndroidManifest.xml:22:5-20
MERGED from [com.google.android.gms:play-services-location:8.1.0] AndroidManifest.xml:19:5-20
MERGED from [com.google.android.gms:play-services-basement:8.1.0] AndroidManifest.xml:20:5-24:19
MERGED from [com.android.support:support-v4:22.2.0] AndroidManifest.xml:22:5-20
MERGED from [com.google.android.gms:play-services-maps:8.1.0] AndroidManifest.xml:28:5-20
MERGED from [com.google.android.gms:play-services-basement:8.1.0] AndroidManifest.xml:20:5-24:19
MERGED from [com.android.support:support-v4:22.2.0] AndroidManifest.xml:22:5-20
MERGED from [com.google.android.gms:play-services-maps:8.1.0] AndroidManifest.xml:28:5-20
MERGED from [com.google.android.gms:play-services-basement:8.1.0] AndroidManifest.xml:20:5-24:19
MERGED from [com.android.support:support-v4:22.2.0] AndroidManifest.xml:22:5-20
MERGED from [com.google.android.gms:play-services-measurement:8.1.0] AndroidManifest.xml:26:5-46:19
MERGED from [com.google.android.gms:play-services-basement:8.1.0] AndroidManifest.xml:20:5-24:19
MERGED from [com.android.support:support-v4:22.2.0] AndroidManifest.xml:22:5-20
MERGED from [com.google.android.gms:play-services-analytics:8.1.0] AndroidManifest.xml:24:5-20
MERGED from [com.google.android.gms:play-services-basement:8.1.0] AndroidManifest.xml:20:5-24:19
MERGED from [com.android.support:support-v4:22.2.0] AndroidManifest.xml:22:5-20
MERGED from [com.google.android.gms:play-services-ads:8.1.0] AndroidManifest.xml:24:5-32:19
MERGED from [com.google.android.gms:play-services-basement:8.1.0] AndroidManifest.xml:20:5-24:19
MERGED from [com.android.support:support-v4:22.2.0] AndroidManifest.xml:22:5-20
MERGED from [com.google.android.gms:play-services-appindexing:8.1.0] AndroidManifest.xml:19:5-20
MERGED from [com.google.android.gms:play-services-basement:8.1.0] AndroidManifest.xml:20:5-24:19
MERGED from [com.android.support:support-v4:22.2.0] AndroidManifest.xml:22:5-20
MERGED from [com.google.android.gms:play-services-nearby:8.1.0] AndroidManifest.xml:20:5-20
MERGED from [com.google.android.gms:play-services-basement:8.1.0] AndroidManifest.xml:20:5-24:19
MERGED from [com.android.support:support-v4:22.2.0] AndroidManifest.xml:22:5-20
MERGED from [com.google.android.gms:play-services-panorama:8.1.0] AndroidManifest.xml:19:5-20
MERGED from [com.google.android.gms:play-services-basement:8.1.0] AndroidManifest.xml:20:5-24:19
MERGED from [com.android.support:support-v4:22.2.0] AndroidManifest.xml:22:5-20
MERGED from [com.google.android.gms:play-services-plus:8.1.0] AndroidManifest.xml:19:5-20
MERGED from [com.google.android.gms:play-services-basement:8.1.0] AndroidManifest.xml:20:5-24:19
MERGED from [com.android.support:support-v4:22.2.0] AndroidManifest.xml:22:5-20
MERGED from [com.google.android.gms:play-services-safetynet:8.1.0] AndroidManifest.xml:19:5-20
MERGED from [com.google.android.gms:play-services-basement:8.1.0] AndroidManifest.xml:20:5-24:19
MERGED from [com.android.support:support-v4:22.2.0] AndroidManifest.xml:22:5-20
MERGED from [com.google.android.gms:play-services-vision:8.1.0] AndroidManifest.xml:5:5-20
MERGED from [com.google.android.gms:play-services-basement:8.1.0] AndroidManifest.xml:20:5-24:19
MERGED from [com.android.support:support-v4:22.2.0] AndroidManifest.xml:22:5-20
MERGED from [com.google.android.gms:play-services-basement:8.1.0] AndroidManifest.xml:20:5-24:19
MERGED from [com.android.support:support-v4:22.2.0] AndroidManifest.xml:22:5-20
MERGED from [com.google.android.gms:play-services-identity:8.1.0] AndroidManifest.xml:19:5-20
MERGED from [com.google.android.gms:play-services-basement:8.1.0] AndroidManifest.xml:20:5-24:19
MERGED from [com.android.support:support-v4:22.2.0] AndroidManifest.xml:22:5-20
MERGED from [com.google.android.gms:play-services-maps:8.1.0] AndroidManifest.xml:28:5-20
MERGED from [com.google.android.gms:play-services-basement:8.1.0] AndroidManifest.xml:20:5-24:19
MERGED from [com.android.support:support-v4:22.2.0] AndroidManifest.xml:22:5-20
MERGED from [com.google.android.gms:play-services-wearable:8.1.0] AndroidManifest.xml:19:5-20
MERGED from [com.google.android.gms:play-services-basement:8.1.0] AndroidManifest.xml:20:5-24:19
MERGED from [com.android.support:support-v4:22.2.0] AndroidManifest.xml:22:5-20
	android:label
		ADDED from src/main/AndroidManifest.xml:28:9-41
	android:allowBackup
		ADDED from src/main/AndroidManifest.xml:26:9-36
	android:icon
		ADDED from src/main/AndroidManifest.xml:27:9-45
	android:theme
		ADDED from src/main/AndroidManifest.xml:29:9-39
	android:name
		ADDED from src/main/AndroidManifest.xml:25:9-50
activity#com.zulip.android.ZulipActivity
ADDED from src/main/AndroidManifest.xml:30:9-40:20
	android:label
		ADDED from src/main/AndroidManifest.xml:33:13-45
	android:launchMode
		ADDED from src/main/AndroidManifest.xml:34:13-44
	android:configChanges
		ADDED from src/main/AndroidManifest.xml:32:13-83
	android:name
		ADDED from src/main/AndroidManifest.xml:31:13-59
intent-filter#android.intent.action.MAIN+android.intent.category.LAUNCHER
ADDED from src/main/AndroidManifest.xml:35:13-39:29
action#android.intent.action.MAIN
ADDED from src/main/AndroidManifest.xml:36:17-69
	android:name
		ADDED from src/main/AndroidManifest.xml:36:25-66
category#android.intent.category.LAUNCHER
ADDED from src/main/AndroidManifest.xml:38:17-77
	android:name
		ADDED from src/main/AndroidManifest.xml:38:27-74
activity#com.zulip.android.LoginActivity
ADDED from src/main/AndroidManifest.xml:41:9-45:20
	android:label
		ADDED from src/main/AndroidManifest.xml:43:13-45
	android:windowSoftInputMode
		ADDED from src/main/AndroidManifest.xml:44:13-55
	android:name
		ADDED from src/main/AndroidManifest.xml:42:13-59
activity#com.zulip.android.LegalActivity
ADDED from src/main/AndroidManifest.xml:46:9-49:20
	android:label
		ADDED from src/main/AndroidManifest.xml:48:13-57
	android:name
		ADDED from src/main/AndroidManifest.xml:47:13-59
receiver#com.zulip.android.GcmBroadcastReceiver
ADDED from src/main/AndroidManifest.xml:51:9-59:20
	android:permission
		ADDED from src/main/AndroidManifest.xml:53:13-73
	android:name
		ADDED from src/main/AndroidManifest.xml:52:13-49
intent-filter#com.google.android.c2dm.intent.RECEIVE+com.humbughq.mobile
ADDED from src/main/AndroidManifest.xml:54:13-58:29
action#com.google.android.c2dm.intent.RECEIVE
ADDED from src/main/AndroidManifest.xml:55:17-81
	android:name
		ADDED from src/main/AndroidManifest.xml:55:25-78
category#com.humbughq.mobile
ADDED from src/main/AndroidManifest.xml:57:17-64
	android:name
		ADDED from src/main/AndroidManifest.xml:57:27-61
receiver#com.zulip.android.GcmShowNotificationReceiver
ADDED from src/main/AndroidManifest.xml:60:9-66:20
	android:exported
		ADDED from src/main/AndroidManifest.xml:62:13-37
	android:name
		ADDED from src/main/AndroidManifest.xml:61:13-56
intent-filter#com.humbughq.mobile.PushMessage.BROADCAST
ADDED from src/main/AndroidManifest.xml:63:13-65:29
action#com.humbughq.mobile.PushMessage.BROADCAST
ADDED from src/main/AndroidManifest.xml:64:17-84
	android:name
		ADDED from src/main/AndroidManifest.xml:64:25-81
service#com.zulip.android.GcmIntentService
ADDED from src/main/AndroidManifest.xml:68:9-53
	android:name
		ADDED from src/main/AndroidManifest.xml:68:18-50
meta-data#com.crashlytics.ApiKey
ADDED from src/main/AndroidManifest.xml:70:9-72:72
	android:value
		ADDED from src/main/AndroidManifest.xml:72:13-69
	android:name
		ADDED from src/main/AndroidManifest.xml:71:13-50
meta-data#com.google.android.gms.version
ADDED from src/main/AndroidManifest.xml:73:9-75:69
MERGED from [com.google.android.gms:play-services-basement:8.1.0] AndroidManifest.xml:21:9-23:69
MERGED from [com.google.android.gms:play-services-basement:8.1.0] AndroidManifest.xml:21:9-23:69
MERGED from [com.google.android.gms:play-services-basement:8.1.0] AndroidManifest.xml:21:9-23:69
MERGED from [com.google.android.gms:play-services-basement:8.1.0] AndroidManifest.xml:21:9-23:69
MERGED from [com.google.android.gms:play-services-basement:8.1.0] AndroidManifest.xml:21:9-23:69
MERGED from [com.google.android.gms:play-services-basement:8.1.0] AndroidManifest.xml:21:9-23:69
MERGED from [com.google.android.gms:play-services-basement:8.1.0] AndroidManifest.xml:21:9-23:69
MERGED from [com.google.android.gms:play-services-basement:8.1.0] AndroidManifest.xml:21:9-23:69
MERGED from [com.google.android.gms:play-services-basement:8.1.0] AndroidManifest.xml:21:9-23:69
MERGED from [com.google.android.gms:play-services-basement:8.1.0] AndroidManifest.xml:21:9-23:69
MERGED from [com.google.android.gms:play-services-basement:8.1.0] AndroidManifest.xml:21:9-23:69
MERGED from [com.google.android.gms:play-services-basement:8.1.0] AndroidManifest.xml:21:9-23:69
MERGED from [com.google.android.gms:play-services-basement:8.1.0] AndroidManifest.xml:21:9-23:69
MERGED from [com.google.android.gms:play-services-basement:8.1.0] AndroidManifest.xml:21:9-23:69
MERGED from [com.google.android.gms:play-services-basement:8.1.0] AndroidManifest.xml:21:9-23:69